# JRE version: OpenJDK Runtime Environment (25.0.2) (build 25.0.2+-15348964-b329.117)
# Java VM: OpenJDK 64-Bit Server VM (25.0.2+-15348964-b329.117, mixed mode, tiered, compressed oops, compressed class ptrs, g1 gc, windows-amd64)
GC Precious Log:
 CardTable entry size: 512
 Card Set container configuration: InlinePtr #cards 5 size 8 Array Of Cards #cards 10 size 36 Howl #buckets 4 coarsen threshold 1843 Howl Bitmap #cards 512 size 80 coarsen threshold 460 Card regions per heap region 1 cards per card region 2048
 CPUs: 8 total, 8 available
 Memory: 5965M
 Large Page Support: Disabled
 NUMA Support: Disabled
 Compressed Oops: Enabled (32-bit)
 Heap Region Size: 1M
 Heap Min Capacity: 8M
 Heap Initial Capacity: 94M
 Heap Max Capacity: 2G
 Pre-touch: Disabled
 Parallel Workers: 8
 Concurrent Workers: 2
 Concurrent Refinement Workers: 8
 Periodic GC: Disabled
Heap:
 garbage-first heap   total reserved 2097152K, committed 126976K, used 92091K [0x0000000080000000, 0x0000000100000000)
  region size 1024K, 12 young (12288K), 5 survivors (5120K)
GC Heap Usage History (20 events):
Event: 93.966 {heap Before GC invocations=27 (full 0):
 garbage-first heap   total reserved 2097152K, committed 97280K, used 83069K [0x0000000080000000, 0x0000000100000000)
  region size 1024K, 29 young (29696K), 4 survivors (4096K)
}
Event: 93.975 {heap After GC invocations=28 (full 0):
 garbage-first heap   total reserved 2097152K, committed 97280K, used 58888K [0x0000000080000000, 0x0000000100000000)
  region size 1024K, 4 young (4096K), 4 survivors (4096K)
}
Event: 95.569 {heap Before GC invocations=28 (full 0):
 garbage-first heap   total reserved 2097152K, committed 97280K, used 88584K [0x0000000080000000, 0x0000000100000000)
  region size 1024K, 33 young (33792K), 4 survivors (4096K)
}
Event: 95.580 {heap After GC invocations=29 (full 0):
 garbage-first heap   total reserved 2097152K, committed 97280K, used 58822K [0x0000000080000000, 0x0000000100000000)
  region size 1024K, 3 young (3072K), 3 survivors (3072K)
}
Event: 97.357 {heap Before GC invocations=29 (full 0):
 garbage-first heap   total reserved 2097152K, committed 97280K, used 90566K [0x0000000080000000, 0x0000000100000000)
  region size 1024K, 34 young (34816K), 3 survivors (3072K)
}
Event: 97.365 {heap After GC invocations=30 (full 0):
 garbage-first heap   total reserved 2097152K, committed 97280K, used 60611K [0x0000000080000000, 0x0000000100000000)
  region size 1024K, 4 young (4096K), 4 survivors (4096K)
}
Event: 98.888 {heap Before GC invocations=31 (full 0):
 garbage-first heap   total reserved 2097152K, committed 104448K, used 88259K [0x0000000080000000, 0x0000000100000000)
  region size 1024K, 32 young (32768K), 4 survivors (4096K)
}
Event: 98.896 {heap After GC invocations=32 (full 0):
 garbage-first heap   total reserved 2097152K, committed 104448K, used 62929K [0x0000000080000000, 0x0000000100000000)
  region size 1024K, 4 young (4096K), 4 survivors (4096K)
}
Event: 101.355 {heap Before GC invocations=32 (full 0):
 garbage-first heap   total reserved 2097152K, committed 104448K, used 96721K [0x0000000080000000, 0x0000000100000000)
  region size 1024K, 37 young (37888K), 4 survivors (4096K)
}
Event: 101.366 {heap After GC invocations=33 (full 0):
 garbage-first heap   total reserved 2097152K, committed 105472K, used 64464K [0x0000000080000000, 0x0000000100000000)
  region size 1024K, 5 young (5120K), 5 survivors (5120K)
}
Event: 102.136 {heap Before GC invocations=33 (full 0):
 garbage-first heap   total reserved 2097152K, committed 105472K, used 96208K [0x0000000080000000, 0x0000000100000000)
  region size 1024K, 37 young (37888K), 5 survivors (5120K)
}
Event: 102.150 {heap After GC invocations=34 (full 0):
 garbage-first heap   total reserved 2097152K, committed 105472K, used 66451K [0x0000000080000000, 0x0000000100000000)
  region size 1024K, 3 young (3072K), 3 survivors (3072K)
}
Event: 102.692 {heap Before GC invocations=35 (full 0):
 garbage-first heap   total reserved 2097152K, committed 112640K, used 96147K [0x0000000080000000, 0x0000000100000000)
  region size 1024K, 33 young (33792K), 3 survivors (3072K)
}
Event: 102.699 {heap After GC invocations=36 (full 0):
 garbage-first heap   total reserved 2097152K, committed 112640K, used 67428K [0x0000000080000000, 0x0000000100000000)
  region size 1024K, 4 young (4096K), 4 survivors (4096K)
}
Event: 103.108 {heap Before GC invocations=36 (full 0):
 garbage-first heap   total reserved 2097152K, committed 112640K, used 103268K [0x0000000080000000, 0x0000000100000000)
  region size 1024K, 40 young (40960K), 4 survivors (4096K)
}
Event: 103.116 {heap After GC invocations=37 (full 0):
 garbage-first heap   total reserved 2097152K, committed 112640K, used 67877K [0x0000000080000000, 0x0000000100000000)
  region size 1024K, 3 young (3072K), 3 survivors (3072K)
}
Event: 103.660 {heap Before GC invocations=37 (full 0):
 garbage-first heap   total reserved 2097152K, committed 112640K, used 81189K [0x0000000080000000, 0x0000000100000000)
  region size 1024K, 17 young (17408K), 3 survivors (3072K)
}
Event: 103.668 {heap After GC invocations=38 (full 0):
 garbage-first heap   total reserved 2097152K, committed 112640K, used 69481K [0x0000000080000000, 0x0000000100000000)
  region size 1024K, 4 young (4096K), 4 survivors (4096K)
}
Event: 105.832 {heap Before GC invocations=39 (full 0):
 garbage-first heap   total reserved 2097152K, committed 119808K, used 115561K [0x0000000080000000, 0x0000000100000000)
  region size 1024K, 39 young (39936K), 4 survivors (4096K)
}
Event: 105.847 {heap After GC invocations=40 (full 0):
 garbage-first heap   total reserved 2097152K, committed 126976K, used 85947K [0x0000000080000000, 0x0000000100000000)
  region size 1024K, 5 young (5120K), 5 survivors (5120K)
}

